Performing C++ SOURCE FILE Test MSGPACK_ENABLE_GCC_CXX_ATOMIC failed with the following output:
Change Dir: /Users/Joel/Downloads/MessagePackTest/msgpack-objc/msgpack-c-xcode/CMakeFiles/CMakeTmp

Run Build Command:"/usr/bin/xcodebuild" "-project" "CMAKE_TRY_COMPILE.xcodeproj" "build" "-target" "cmTC_e1992" "-configuration" "Debug"
2017-10-31 11:50:19.438 xcodebuild[67306:20506642] [MT] PluginLoading: Required plug-in compatibility UUID DF11C142-1584-4A99-87AC-1925D5F5652A for plug-in at path '~/Library/Application Support/Developer/Shared/Xcode/Plug-ins/Zen.xcplugin' not present in DVTPlugInCompatibilityUUIDs
2017-10-31 11:50:19.438 xcodebuild[67306:20506642] [MT] PluginLoading: Required plug-in compatibility UUID DF11C142-1584-4A99-87AC-1925D5F5652A for plug-in at path '~/Library/Application Support/Developer/Shared/Xcode/Plug-ins/Xprop.xcplugin' not present in DVTPlugInCompatibilityUUIDs
2017-10-31 11:50:19.439 xcodebuild[67306:20506642] [MT] PluginLoading: Required plug-in compatibility UUID DF11C142-1584-4A99-87AC-1925D5F5652A for plug-in at path '~/Library/Application Support/Developer/Shared/Xcode/Plug-ins/XcodeColors.xcplugin' not present in DVTPlugInCompatibilityUUIDs
2017-10-31 11:50:19.439 xcodebuild[67306:20506642] [MT] PluginLoading: Required plug-in compatibility UUID DF11C142-1584-4A99-87AC-1925D5F5652A for plug-in at path '~/Library/Application Support/Developer/Shared/Xcode/Plug-ins/SCXcodeSwitchExpander.xcplugin' not present in DVTPlugInCompatibilityUUIDs
2017-10-31 11:50:19.439 xcodebuild[67306:20506642] [MT] PluginLoading: Required plug-in compatibility UUID DF11C142-1584-4A99-87AC-1925D5F5652A for plug-in at path '~/Library/Application Support/Developer/Shared/Xcode/Plug-ins/Lin.xcplugin' not present in DVTPlugInCompatibilityUUIDs
2017-10-31 11:50:19.440 xcodebuild[67306:20506642] [MT] PluginLoading: Required plug-in compatibility UUID DF11C142-1584-4A99-87AC-1925D5F5652A for plug-in at path '~/Library/Application Support/Developer/Shared/Xcode/Plug-ins/IBUnfuck.xcplugin' not present in DVTPlugInCompatibilityUUIDs
2017-10-31 11:50:19.440 xcodebuild[67306:20506642] [MT] PluginLoading: Required plug-in compatibility UUID DF11C142-1584-4A99-87AC-1925D5F5652A for plug-in at path '~/Library/Application Support/Developer/Shared/Xcode/Plug-ins/Alcatraz.xcplugin' not present in DVTPlugInCompatibilityUUIDs
2017-10-31 11:50:19.440 xcodebuild[67306:20506642] [MT] PluginLoading: Required plug-in compatibility UUID DF11C142-1584-4A99-87AC-1925D5F5652A for plug-in at path '~/Library/Application Support/Developer/Shared/Xcode/Plug-ins/ActivatePowerMode.xcplugin' not present in DVTPlugInCompatibilityUUIDs
=== BUILD TARGET cmTC_e1992 OF PROJECT CMAKE_TRY_COMPILE WITH CONFIGURATION Debug ===

Check dependencies

Write auxiliary files
/bin/mkdir -p /Users/Joel/Downloads/MessagePackTest/msgpack-objc/msgpack-c-xcode/CMakeFiles/CMakeTmp/CMAKE_TRY_COMPILE.build/Debug/cmTC_e1992.build/Objects-normal/x86_64
write-file /Users/Joel/Downloads/MessagePackTest/msgpack-objc/msgpack-c-xcode/CMakeFiles/CMakeTmp/CMAKE_TRY_COMPILE.build/Debug/cmTC_e1992.build/Objects-normal/x86_64/cmTC_e1992.LinkFileList

CompileC CMAKE_TRY_COMPILE.build/Debug/cmTC_e1992.build/Objects-normal/x86_64/src.o src.cxx normal x86_64 c++ com.apple.compilers.llvm.clang.1_0.compiler
    cd /Users/Joel/Downloads/MessagePackTest/msgpack-objc/msgpack-c-xcode/CMakeFiles/CMakeTmp
    export LANG=en_US.US-ASCII
    /Applications/Xcode.app/Contents/Developer/Toolchains/XcodeDefault.xctoolchain/usr/bin/clang -x c++ -arch x86_64 -fmessage-length=0 -fdiagnostics-show-note-include-stack -fmacro-backtrace-limit=0 -Wno-trigraphs -fpascal-strings -O0 -Wno-missing-field-initializers -Wno-missing-prototypes -Wno-return-type -Wno-non-virtual-dtor -Wno-overloaded-virtual -Wno-exit-time-destructors -Wno-missing-braces -Wparentheses -Wswitch -Wno-unused-function -Wno-unused-label -Wno-unused-parameter -Wno-unused-variable -Wunused-value -Wno-empty-body -Wno-uninitialized -Wno-unknown-pragmas -Wno-shadow -Wno-four-char-constants -Wno-conversion -Wno-constant-conversion -Wno-int-conversion -Wno-bool-conversion -Wno-enum-conversion -Wno-float-conversion -Wno-non-literal-null-conversion -Wno-objc-literal-conversion -Wno-shorten-64-to-32 -Wno-newline-eof -Wno-c++11-extensions -DCMAKE_INTDIR=\"Debug\" -isysroot /Applications/Xcode.app/Contents/Developer/Platforms/MacOSX.platform/Developer/SDKs/MacOSX10.13.sdk -fasm-blocks -fstrict-aliasing -Wdeprecated-declarations -Winvalid-offsetof -mmacosx-version-min=10.13 -g -Wno-sign-conversion -Wno-infinite-recursion -Wno-move -Wno-comma -Wno-block-capture-autoreleasing -Wno-strict-prototypes -Wno-range-loop-analysis -I/Users/Joel/Downloads/MessagePackTest/msgpack-objc/msgpack-c-xcode/CMakeFiles/CMakeTmp/Debug/include -I/Users/Joel/Downloads/MessagePackTest/msgpack-objc/msgpack-c-xcode/CMakeFiles/CMakeTmp/CMAKE_TRY_COMPILE.build/Debug/cmTC_e1992.build/DerivedSources/x86_64 -I/Users/Joel/Downloads/MessagePackTest/msgpack-objc/msgpack-c-xcode/CMakeFiles/CMakeTmp/CMAKE_TRY_COMPILE.build/Debug/cmTC_e1992.build/DerivedSources -Wmost -Wno-four-char-constants -Wno-unknown-pragmas -F/Users/Joel/Downloads/MessagePackTest/msgpack-objc/msgpack-c-xcode/CMakeFiles/CMakeTmp/Debug -DMSGPACK_DEFAULT_API_VERSION=2 -std=c++98 -DMSGPACK_ENABLE_GCC_CXX_ATOMIC -MMD -MT dependencies -MF /Users/Joel/Downloads/MessagePackTest/msgpack-objc/msgpack-c-xcode/CMakeFiles/CMakeTmp/CMAKE_TRY_COMPILE.build/Debug/cmTC_e1992.build/Objects-normal/x86_64/src.d --serialize-diagnostics /Users/Joel/Downloads/MessagePackTest/msgpack-objc/msgpack-c-xcode/CMakeFiles/CMakeTmp/CMAKE_TRY_COMPILE.build/Debug/cmTC_e1992.build/Objects-normal/x86_64/src.dia -c /Users/Joel/Downloads/MessagePackTest/msgpack-objc/msgpack-c-xcode/CMakeFiles/CMakeTmp/src.cxx -o /Users/Joel/Downloads/MessagePackTest/msgpack-objc/msgpack-c-xcode/CMakeFiles/CMakeTmp/CMAKE_TRY_COMPILE.build/Debug/cmTC_e1992.build/Objects-normal/x86_64/src.o
/Users/Joel/Downloads/MessagePackTest/msgpack-objc/msgpack-c-xcode/CMakeFiles/CMakeTmp/src.cxx:2:10: fatal error: 'bits/atomicity.h' file not found
#include <bits/atomicity.h>
         ^~~~~~~~~~~~~~~~~~
1 error generated.

** BUILD FAILED **


The following build commands failed:
	CompileC CMAKE_TRY_COMPILE.build/Debug/cmTC_e1992.build/Objects-normal/x86_64/src.o src.cxx normal x86_64 c++ com.apple.compilers.llvm.clang.1_0.compiler
(1 failure)

Source file was:

#include <bits/atomicity.h>
int atomic_sub(int i) { return __gnu_cxx::__exchange_and_add(&i, -1) - 1; }
int atomic_add(int i) { return __gnu_cxx::__exchange_and_add(&i, 1) + 1; }
int main(int argc, char * argv[])
{
    atomic_sub(1);
    atomic_add(1);
}

